[debug] [2025-06-17T04:38:15.114Z] ----------------------------------------------------------------------
[debug] [2025-06-17T04:38:15.116Z] Command:       C:\Program Files\nodejs\node.exe C:\Users\jakea\AppData\Roaming\npm\node_modules\firebase-tools\lib\bin\firebase.js serve
[debug] [2025-06-17T04:38:15.116Z] CLI Version:   14.7.0
[debug] [2025-06-17T04:38:15.116Z] Platform:      win32
[debug] [2025-06-17T04:38:15.116Z] Node Version:  v20.13.1
[debug] [2025-06-17T04:38:15.116Z] Time:          Tue Jun 17 2025 00:38:15 GMT-0400 (Eastern Daylight Time)
[debug] [2025-06-17T04:38:15.117Z] ----------------------------------------------------------------------
[debug] 
[debug] [2025-06-17T04:38:15.282Z] > command requires scopes: ["email","openid","https://www.googleapis.com/auth/cloudplatformprojects.readonly","https://www.googleapis.com/auth/firebase","https://www.googleapis.com/auth/cloud-platform"]
[debug] [2025-06-17T04:38:15.282Z] > authorizing via signed-in user (ja@holocomicsgroup.com)
[debug] [2025-06-17T04:38:15.282Z] [iam] checking project pi-audio-visualizer for permissions ["firebase.projects.get"]
[debug] [2025-06-17T04:38:15.283Z] Checked if tokens are valid: true, expires at: 1750137421480
[debug] [2025-06-17T04:38:15.283Z] Checked if tokens are valid: true, expires at: 1750137421480
[debug] [2025-06-17T04:38:15.284Z] >>> [apiv2][query] POST https://cloudresourcemanager.googleapis.com/v1/projects/pi-audio-visualizer:testIamPermissions [none]
[debug] [2025-06-17T04:38:15.284Z] >>> [apiv2][(partial)header] POST https://cloudresourcemanager.googleapis.com/v1/projects/pi-audio-visualizer:testIamPermissions x-goog-quota-user=projects/pi-audio-visualizer
[debug] [2025-06-17T04:38:15.284Z] >>> [apiv2][body] POST https://cloudresourcemanager.googleapis.com/v1/projects/pi-audio-visualizer:testIamPermissions {"permissions":["firebase.projects.get"]}
[debug] [2025-06-17T04:38:15.929Z] <<< [apiv2][status] POST https://cloudresourcemanager.googleapis.com/v1/projects/pi-audio-visualizer:testIamPermissions 200
[debug] [2025-06-17T04:38:15.930Z] <<< [apiv2][body] POST https://cloudresourcemanager.googleapis.com/v1/projects/pi-audio-visualizer:testIamPermissions {"permissions":["firebase.projects.get"]}
[debug] [2025-06-17T04:38:15.930Z] Checked if tokens are valid: true, expires at: 1750137421480
[debug] [2025-06-17T04:38:15.930Z] Checked if tokens are valid: true, expires at: 1750137421480
[debug] [2025-06-17T04:38:15.930Z] >>> [apiv2][query] GET https://serviceusage.googleapis.com/v1/projects/pi-audio-visualizer/services/cloudresourcemanager.googleapis.com [none]
[debug] [2025-06-17T04:38:15.930Z] >>> [apiv2][(partial)header] GET https://serviceusage.googleapis.com/v1/projects/pi-audio-visualizer/services/cloudresourcemanager.googleapis.com x-goog-quota-user=projects/pi-audio-visualizer
[debug] [2025-06-17T04:38:16.467Z] <<< [apiv2][status] GET https://serviceusage.googleapis.com/v1/projects/pi-audio-visualizer/services/cloudresourcemanager.googleapis.com 200
[debug] [2025-06-17T04:38:16.467Z] <<< [apiv2][body] GET https://serviceusage.googleapis.com/v1/projects/pi-audio-visualizer/services/cloudresourcemanager.googleapis.com [omitted]
[debug] [2025-06-17T04:38:16.467Z] Checked if tokens are valid: true, expires at: 1750137421480
[debug] [2025-06-17T04:38:16.467Z] Checked if tokens are valid: true, expires at: 1750137421480
[debug] [2025-06-17T04:38:16.467Z] >>> [apiv2][query] GET https://cloudresourcemanager.googleapis.com/v1/projects/pi-audio-visualizer [none]
[debug] [2025-06-17T04:38:16.581Z] <<< [apiv2][status] GET https://cloudresourcemanager.googleapis.com/v1/projects/pi-audio-visualizer 200
[debug] [2025-06-17T04:38:16.581Z] <<< [apiv2][body] GET https://cloudresourcemanager.googleapis.com/v1/projects/pi-audio-visualizer {"projectNumber":"137399976540","projectId":"pi-audio-visualizer","lifecycleState":"ACTIVE","name":"pi-audio-visualizer","labels":{"firebase":"enabled","firebase-core":"disabled"},"createTime":"2025-06-17T03:55:10.810427Z","parent":{"type":"organization","id":"311907089268"}}
[info] 
[info] === Serving from 'E:\XRarts\pi-audio-visualizer'...
[info] 
[debug] [2025-06-17T04:38:16.583Z] Checked if tokens are valid: true, expires at: 1750137421480
[debug] [2025-06-17T04:38:16.583Z] Checked if tokens are valid: true, expires at: 1750137421480
[debug] [2025-06-17T04:38:16.583Z] >>> [apiv2][query] GET https://firebasehosting.googleapis.com/v1beta1/projects/pi-audio-visualizer/sites 
[debug] [2025-06-17T04:38:16.976Z] <<< [apiv2][status] GET https://firebasehosting.googleapis.com/v1beta1/projects/pi-audio-visualizer/sites 200
[debug] [2025-06-17T04:38:16.976Z] <<< [apiv2][body] GET https://firebasehosting.googleapis.com/v1beta1/projects/pi-audio-visualizer/sites {"sites":[{"name":"projects/pi-audio-visualizer/sites/pi-audio-visualizer","defaultUrl":"https://pi-audio-visualizer.web.app","type":"DEFAULT_SITE"}]}
[debug] [2025-06-17T04:38:16.976Z] Checked if tokens are valid: true, expires at: 1750137421480
[debug] [2025-06-17T04:38:16.977Z] Checked if tokens are valid: true, expires at: 1750137421480
[debug] [2025-06-17T04:38:16.977Z] >>> [apiv2][query] GET https://firebase.googleapis.com/v1beta1/projects/pi-audio-visualizer/webApps/-/config [none]
[debug] [2025-06-17T04:38:17.418Z] <<< [apiv2][status] GET https://firebase.googleapis.com/v1beta1/projects/pi-audio-visualizer/webApps/-/config 200
[debug] [2025-06-17T04:38:17.419Z] <<< [apiv2][body] GET https://firebase.googleapis.com/v1beta1/projects/pi-audio-visualizer/webApps/-/config {"projectId":"pi-audio-visualizer","storageBucket":"pi-audio-visualizer.firebasestorage.app","apiKey":"AIzaSyCQC0T-ba2n6pPY3UyLhpJsFAzF-XUB22E","authDomain":"pi-audio-visualizer.firebaseapp.com","messagingSenderId":"137399976540"}
[debug] [2025-06-17T04:38:17.424Z] Checked if tokens are valid: true, expires at: 1750137421480
[debug] [2025-06-17T04:38:17.424Z] Checked if tokens are valid: true, expires at: 1750137421480
[debug] [2025-06-17T04:38:17.424Z] >>> [apiv2][query] GET https://firebase.googleapis.com/v1beta1/projects/pi-audio-visualizer [none]
[debug] [2025-06-17T04:38:17.673Z] <<< [apiv2][status] GET https://firebase.googleapis.com/v1beta1/projects/pi-audio-visualizer 200
[debug] [2025-06-17T04:38:17.673Z] <<< [apiv2][body] GET https://firebase.googleapis.com/v1beta1/projects/pi-audio-visualizer {"projectId":"pi-audio-visualizer","projectNumber":"137399976540","displayName":"pi-audio-visualizer","name":"projects/pi-audio-visualizer","resources":{"hostingSite":"pi-audio-visualizer"},"state":"ACTIVE","etag":"1_c74127ec-1b5f-4695-9c04-15761936822f"}
[info] i  hosting[pi-audio-visualizer]: Serving hosting files from: public {"metadata":{"emulator":{"name":"hosting"},"message":"Serving hosting files from: \u001b[1mpublic\u001b[22m"}}
[info] +  hosting[pi-audio-visualizer]: Local server: http://localhost:5000 {"metadata":{"emulator":{"name":"hosting"},"message":"Local server: \u001b[4m\u001b[1mhttp://localhost:5000\u001b[22m\u001b[24m"}}
